[2J[2022-06-08 10:19:048] [32m[INFO][m --- [main] [35m[com.wanna.cloud.nacos.test.registry.RegistryTestKt][m å¯åŠ¨SpringApplication[RegistryTestKt], ä½¿ç”¨çš„JavaVersionä¸º[11.0.14], è¿›ç¨‹PIDä¸º[22021], ProjectVersion=[], userName=[jianchaojia], userDir=[/Users/jianchaojia/Desktop/Code/java/Project/Kotlin-Spring] 
[2J[2022-06-10 06:16:048] [32m[INFO][m --- [main] [35m[com.wanna.cloud.nacos.test.registry.RegistryTestKt][m å¯åŠ¨SpringApplication[RegistryTestKt], ä½¿ç”¨çš„JavaVersionä¸º[11.0.14], è¿›ç¨‹PIDä¸º[55309], ProjectVersion=[], userName=[jianchaojia], userDir=[/Users/jianchaojia/Desktop/Code/java/Project/Kotlin-Spring] 
[2J[2022-06-10 06:16:049] [32m[INFO][m --- [main] [35m[com.wanna.framework.web.server.netty.server.support.NettyServer][m Netty Serverå·²ç»å¯åŠ¨åœ¨[9999]ç«¯å£ 
[2J[2022-06-10 06:16:049] [32m[WARN][m --- [main] [35m[com.alibaba.nacos.client.logging.NacosLogging][m Load Log4j Configuration of Nacos fail, message: org/apache/logging/log4j/LogManager 
[2J[2022-06-10 06:16:049] [32m[INFO][m --- [main] [35m[com.alibaba.nacos.client.naming][m initializer namespace from System Property :null 
[2J[2022-06-10 06:16:049] [32m[INFO][m --- [main] [35m[com.alibaba.nacos.client.naming][m initializer namespace from System Environment :null 
[2J[2022-06-10 06:16:049] [32m[INFO][m --- [main] [35m[com.alibaba.nacos.client.naming][m initializer namespace from System Property :null 
[2J[2022-06-10 06:16:049] [32m[INFO][m --- [main] [35m[com.alibaba.nacos.client.utils.ParamUtil][m [settings] [req-serv] nacos-server port:8848 
[2J[2022-06-10 06:16:049] [32m[INFO][m --- [main] [35m[com.alibaba.nacos.client.utils.ParamUtil][m [settings] [http-client] connect timeout:1000 
[2J[2022-06-10 06:16:049] [32m[INFO][m --- [main] [35m[com.alibaba.nacos.client.utils.ParamUtil][m PER_TASK_CONFIG_SIZE: 3000.0 
[2J[2022-06-10 06:16:050] [32m[ERROR][m --- [main] [35m[com.alibaba.nacos.client.security.SecurityProxy][m [SecurityProxy] login http request failed url: http://127.0.0.1:8848/nacos/v1/auth/users/login, params: {username=nacos}, bodyMap: {password=nacos}, errorMsg: Connection refused (Connection refused) 
[2J[2022-06-10 06:16:050] [32m[ERROR][m --- [com.alibaba.nacos.client.naming.updater] [35m[com.alibaba.nacos.client.security.SecurityProxy][m [SecurityProxy] login http request failed url: http://127.0.0.1:8848/nacos/v1/auth/users/login, params: {username=nacos}, bodyMap: {password=nacos}, errorMsg: Connection refused (Connection refused) 
[2J[2022-06-10 06:16:050] [32m[INFO][m --- [main] [35m[com.alibaba.nacos.client.naming][m [BEAT] adding beat: BeatInfo{port=9999, ip='127.0.0.1', weight=1.0, serviceName='DEFAULT@@wanna', cluster='DEFAULT', metadata={}, scheduled=false, period=5000, stopped=false} to beat map. 
[2J[2022-06-10 06:16:050] [32m[INFO][m --- [main] [35m[com.alibaba.nacos.client.naming][m [REGISTER-SERVICE] public registering service DEFAULT@@wanna with instance: Instance{instanceId='null', ip='127.0.0.1', port=9999, weight=1.0, healthy=true, enabled=true, ephemeral=true, clusterName='DEFAULT', serviceName='null', metadata={}} 
[2J[2022-06-10 06:16:050] [32m[INFO][m --- [main] [35m[com.alibaba.nacos.client.identify.CredentialWatcher][m  No credential found 
[2J[2022-06-10 06:16:050] [32m[ERROR][m --- [main] [35m[com.alibaba.nacos.client.naming][m [NA] failed to request 
[2J[2022-06-10 06:16:050] [32m[ERROR][m --- [main] [35m[com.alibaba.nacos.client.naming][m [NA] failed to request 
[2J[2022-06-10 06:16:050] [32m[ERROR][m --- [main] [35m[com.alibaba.nacos.client.naming][m [NA] failed to request 
[2J[2022-06-10 06:16:050] [32m[ERROR][m --- [main] [35m[com.alibaba.nacos.client.naming][m request: /nacos/v1/ns/instance failed, servers: [127.0.0.1:8848], code: 500, msg: Connection refused (Connection refused) 
[2J[2022-06-10 06:16:054] [32m[WARN][m --- [Thread-7] [35m[com.alibaba.nacos.common.notify.NotifyCenter][m [NotifyCenter] Start destroying Publisher 
[2J[2022-06-10 06:16:054] [32m[WARN][m --- [Thread-1] [35m[com.alibaba.nacos.common.http.HttpClientBeanHolder][m [HttpClientBeanHolder] Start destroying common HttpClient 
[2J[2022-06-10 06:16:054] [32m[WARN][m --- [Thread-7] [35m[com.alibaba.nacos.common.notify.NotifyCenter][m [NotifyCenter] Destruction of the end 
[2J[2022-06-10 06:16:054] [32m[WARN][m --- [Thread-1] [35m[com.alibaba.nacos.common.http.HttpClientBeanHolder][m [HttpClientBeanHolder] Destruction of the end 
[2J[2022-06-10 07:04:008] [32m[INFO][m --- [main] [35m[com.wanna.framework.web.server.netty.server.support.NettyServer][m Netty Serverå·²ç»å¯åŠ¨åœ¨[9966]ç«¯å£ 
[2J[2022-06-10 07:05:055] [32m[WARN][m --- [nioEventLoopGroup-3-1] [35m[com.wanna.framework.web.DispatcherHandlerImpl][m [NOT-FOUND]--æ²¡æœ‰æ‰¾åˆ°åˆé€‚çš„Handlerå»å¤„ç†æœ¬æ¬¡è¯·æ±‚[path=/favicon.ico] 
[2J[2022-06-10 10:00:025] [32m[INFO][m --- [main] [35m[com.wanna.framework.web.server.netty.server.support.NettyServer][m Netty Serverå·²ç»å¯åŠ¨åœ¨[9966]ç«¯å£ 
[2J[2022-06-11 12:33:027] [32m[INFO][m --- [main] [35m[com.wanna.framework.web.server.netty.server.support.NettyServer][m Netty Serverå·²ç»å¯åŠ¨åœ¨[9966]ç«¯å£ 
[2J[2022-06-11 12:33:050] [32m[WARN][m --- [nioEventLoopGroup-3-1] [35m[com.wanna.framework.web.DispatcherHandlerImpl][m [NOT-FOUND]--æ²¡æœ‰æ‰¾åˆ°åˆé€‚çš„Handlerå»å¤„ç†æœ¬æ¬¡è¯·æ±‚[path=/favicon.ico] 
[2J[2022-06-11 12:40:028] [32m[INFO][m --- [main] [35m[com.wanna.framework.web.server.netty.server.support.NettyServer][m Netty Serverå·²ç»å¯åŠ¨åœ¨[9966]ç«¯å£ 
[2J[2022-06-11 12:41:009] [32m[INFO][m --- [main] [35m[com.wanna.framework.web.server.netty.server.support.NettyServer][m Netty Serverå·²ç»å¯åŠ¨åœ¨[9966]ç«¯å£ 
[2J[2022-06-11 12:43:007] [32m[INFO][m --- [main] [35m[com.wanna.framework.web.server.netty.server.support.NettyServer][m Netty Serverå·²ç»å¯åŠ¨åœ¨[9966]ç«¯å£ 
[2J[2022-06-11 12:50:005] [32m[INFO][m --- [main] [35m[com.wanna.framework.web.server.netty.server.support.NettyServer][m Netty Serverå·²ç»å¯åŠ¨åœ¨[9966]ç«¯å£ 
[2J[2022-06-11 12:53:013] [32m[INFO][m --- [main] [35m[com.wanna.framework.web.server.netty.server.support.NettyServer][m Netty Serverå·²ç»å¯åŠ¨åœ¨[9966]ç«¯å£ 
[2J[2022-06-11 01:17:001] [32m[INFO][m --- [main] [35m[com.wanna.framework.web.server.netty.server.support.NettyServer][m Netty Serverå·²ç»å¯åŠ¨åœ¨[9966]ç«¯å£ 
[2J[2022-06-11 01:25:049] [32m[INFO][m --- [main] [35m[com.wanna.framework.web.server.netty.server.support.NettyServer][m Netty Serverå·²ç»å¯åŠ¨åœ¨[9966]ç«¯å£ 
[2J[2022-06-11 01:25:058] [32m[WARN][m --- [nioEventLoopGroup-3-1] [35m[com.wanna.framework.web.DispatcherHandlerImpl][m [NOT-FOUND]--æ²¡æœ‰æ‰¾åˆ°åˆé€‚çš„Handlerå»å¤„ç†æœ¬æ¬¡è¯·æ±‚[path=/user/beanName] 
[2J[2022-06-11 01:26:023] [32m[INFO][m --- [main] [35m[com.wanna.framework.web.server.netty.server.support.NettyServer][m Netty Serverå·²ç»å¯åŠ¨åœ¨[9966]ç«¯å£ 
[2J[2022-06-11 01:35:016] [32m[INFO][m --- [main] [35m[com.wanna.framework.web.server.netty.server.support.NettyServer][m Netty Serverå·²ç»å¯åŠ¨åœ¨[9966]ç«¯å£ 
[2J[2022-06-11 02:20:001] [32m[INFO][m --- [main] [35m[com.wanna.framework.web.server.netty.server.support.NettyServer][m Netty Serverå·²ç»å¯åŠ¨åœ¨[9966]ç«¯å£ 
[2J[2022-06-11 02:20:013] [32m[WARN][m --- [nioEventLoopGroup-3-1] [35m[com.wanna.framework.web.DispatcherHandlerImpl][m [NOT-FOUND]--æ²¡æœ‰æ‰¾åˆ°åˆé€‚çš„Handlerå»å¤„ç†æœ¬æ¬¡è¯·æ±‚[path=/mav] 
[2J[2022-06-11 02:20:027] [32m[ERROR][m --- [nioEventLoopGroup-3-1] [35m[com.wanna.framework.web.DispatcherHandlerImpl][m å¤„ç†è¯·æ±‚[uri=/user/1/beanName]å¤±è´¥ï¼ŒåŸå› æ˜¯[java.lang.IllegalStateException: è§£ææ–¹æ³•å‚æ•°[com.wanna.framework.core.MethodParameter@344577f]å¤±è´¥ï¼ŒåŸå› æ˜¯æ²¡æœ‰æ‰¾åˆ°åˆé€‚çš„å‚æ•°è§£æå™¨å»è¿›è¡Œè§£æ] 
[2J[2022-06-11 02:20:027] [32m[ERROR][m --- [nioEventLoopGroup-3-1] [35m[com.wanna.framework.web.DispatcherHandlerImpl][m å¤„ç†è¯·æ±‚[uri=/user/1/beanName]å¤±è´¥ï¼ŒåŸå› æ˜¯[java.lang.ClassCastException: class com.wanna.framework.web.method.HandlerMethod cannot be cast to class com.wanna.framework.web.method.support.InvocableHandlerMethod (com.wanna.framework.web.method.HandlerMethod and com.wanna.framework.web.method.support.InvocableHandlerMethod are in unnamed module of loader 'app')] 
[2J[2022-06-11 02:20:027] [32m[WARN][m --- [nioEventLoopGroup-3-1] [35m[io.netty.channel.DefaultChannelPipeline][m An exceptionCaught() event was fired, and it reached at the tail of the pipeline. It usually means the last handler in the pipeline did not handle the exception. 
[2J[2022-06-11 02:21:021] [32m[INFO][m --- [main] [35m[com.wanna.framework.web.server.netty.server.support.NettyServer][m Netty Serverå·²ç»å¯åŠ¨åœ¨[9966]ç«¯å£ 
[2J[2022-06-11 02:21:022] [32m[ERROR][m --- [nioEventLoopGroup-3-1] [35m[com.wanna.framework.web.DispatcherHandlerImpl][m å¤„ç†è¯·æ±‚[uri=/user/1/beanName]å¤±è´¥ï¼ŒåŸå› æ˜¯[java.lang.IllegalStateException: è§£ææ–¹æ³•å‚æ•°[com.wanna.framework.core.MethodParameter@5e967a1]å¤±è´¥ï¼ŒåŸå› æ˜¯æ²¡æœ‰æ‰¾åˆ°åˆé€‚çš„å‚æ•°è§£æå™¨å»è¿›è¡Œè§£æ] 
[2J[2022-06-11 02:21:024] [32m[ERROR][m --- [nioEventLoopGroup-3-1] [35m[com.wanna.framework.web.DispatcherHandlerImpl][m å¤„ç†è¯·æ±‚[uri=/user/1/beanName]å¤±è´¥ï¼ŒåŸå› æ˜¯[java.lang.IllegalStateException: è§£ææ–¹æ³•å‚æ•°[com.wanna.framework.core.MethodParameter@5e967a1]å¤±è´¥ï¼ŒåŸå› æ˜¯æ²¡æœ‰æ‰¾åˆ°åˆé€‚çš„å‚æ•°è§£æå™¨å»è¿›è¡Œè§£æ] 
[2J[2022-06-11 02:22:031] [32m[INFO][m --- [main] [35m[com.wanna.framework.web.server.netty.server.support.NettyServer][m Netty Serverå·²ç»å¯åŠ¨åœ¨[9966]ç«¯å£ 
[2J[2022-06-11 02:23:021] [32m[ERROR][m --- [nioEventLoopGroup-3-1] [35m[com.wanna.framework.web.DispatcherHandlerImpl][m å¤„ç†è¯·æ±‚[uri=/user/1/beanName]å¤±è´¥ï¼ŒåŸå› æ˜¯[java.lang.IllegalStateException: è§£ææ–¹æ³•å‚æ•°[com.wanna.framework.core.MethodParameter@4be673e8]å¤±è´¥ï¼ŒåŸå› æ˜¯æ²¡æœ‰æ‰¾åˆ°åˆé€‚çš„å‚æ•°è§£æå™¨å»è¿›è¡Œè§£æ] 
[2J[2022-06-11 02:23:028] [32m[INFO][m --- [main] [35m[com.wanna.framework.web.server.netty.server.support.NettyServer][m Netty Serverå·²ç»å¯åŠ¨åœ¨[9966]ç«¯å£ 
[2J[2022-06-11 02:23:030] [32m[WARN][m --- [nioEventLoopGroup-3-1] [35m[com.wanna.framework.web.DispatcherHandlerImpl][m [NOT-FOUND]--æ²¡æœ‰æ‰¾åˆ°åˆé€‚çš„Handlerå»å¤„ç†æœ¬æ¬¡è¯·æ±‚[path=/favicon.ico] 
[2J[2022-06-11 02:23:048] [32m[INFO][m --- [main] [35m[com.wanna.framework.web.server.netty.server.support.NettyServer][m Netty Serverå·²ç»å¯åŠ¨åœ¨[9966]ç«¯å£ 
[2J[2022-06-11 02:24:036] [32m[INFO][m --- [main] [35m[com.wanna.framework.web.server.netty.server.support.NettyServer][m Netty Serverå·²ç»å¯åŠ¨åœ¨[9966]ç«¯å£ 
[2J[2022-06-11 02:25:053] [32m[INFO][m --- [main] [35m[com.wanna.framework.web.server.netty.server.support.NettyServer][m Netty Serverå·²ç»å¯åŠ¨åœ¨[9966]ç«¯å£ 
[2J[2022-06-11 02:35:053] [32m[INFO][m --- [main] [35m[com.wanna.framework.web.server.netty.server.support.NettyServer][m Netty Serverå·²ç»å¯åŠ¨åœ¨[9966]ç«¯å£ 
[2J[2022-06-11 02:38:001] [32m[INFO][m --- [main] [35m[com.wanna.framework.web.server.netty.server.support.NettyServer][m Netty Serverå·²ç»å¯åŠ¨åœ¨[9966]ç«¯å£ 
[2J[2022-06-11 02:44:057] [32m[INFO][m --- [main] [35m[com.wanna.framework.web.server.netty.server.support.NettyServer][m Netty Serverå·²ç»å¯åŠ¨åœ¨[9966]ç«¯å£ 
